2016-Feb-25 17:00:48 Наличие необходимых модулей php (check_php_modules): Ok
Все необходимые модули установлены
2016-Feb-25 17:00:49 Обязательные параметры PHP (check_php_settings): Ok
Настройки правильные
2016-Feb-25 17:00:49 Модули веб-сервера (check_security): Warning
Замечание. Загружен модуль mod_dav/mod_dav_fs, WebDav не будет работать
2016-Feb-25 17:00:49 Значения переменных сервера (check_server_vars): Ok
Корректные
2016-Feb-25 17:00:49 Сохранение сессии (check_session): Ok
50% done
2016-Feb-25 17:00:49 Сохранение сессии (check_session): Ok
Успешно
2016-Feb-25 17:00:49 Параметры настройки UTF (mbstring и константа BX_UTF) (check_mbstring): Ok
Правильные. Сайт работает в однобайтовой кодировке
2016-Feb-25 17:00:49 Служебные скрипты в корне сайта (check_install_scripts): Ok
Отсутствуют
2016-Feb-25 17:00:49 Работа с сокетами (check_socket): Ok
Connection to gkexchange.ru:80	Success

Успешно
2016-Feb-25 17:00:49 Параметры подключения к базе данных (check_dbconn_settings): Ok
Успешно
2016-Feb-25 17:00:50 Лишний вывод в файлах конфигурации (check_dbconn): Ok
Connection to gkexchange.ru:80	Success

Успешно
2016-Feb-25 17:00:50 Выполнение агентов на cron (check_bx_crontab): Warning
Замечание. Агенты выполняются на хитах, рекомендуется перевести выполнение агентов на cron
2016-Feb-25 17:00:50 Сохранение сессии без UserAgent (check_session_ua): Ok
50% done
Connection to gkexchange.ru:80	Success

2016-Feb-25 17:00:50 Сохранение сессии без UserAgent (check_session_ua): Ok
Connection to gkexchange.ru:80	Success

Успешно
2016-Feb-25 17:00:50 Настройки сайтов (check_sites): Ok
Правильные
2016-Feb-25 17:00:50 Передача объектов по ссылке (check_clone): Ok
Успешно
2016-Feb-25 17:00:50 Размер стека и pcre.recursion_limit (check_pcre_recursion): Ok
Connection to gkexchange.ru:80	Success

Успешно
2016-Feb-25 17:00:50 Вызов method_exists на строке (check_method_exists): Ok
Connection to gkexchange.ru:80	Success

Успешно
2016-Feb-25 17:00:50 Загрузка файла (check_upload): Ok
Connection to gkexchange.ru:80	Success

Успешно
2016-Feb-25 17:00:51 Загрузка файла больше 4Мб (check_upload_big): Ok
Connection to gkexchange.ru:80	Success

Успешно
2016-Feb-25 17:00:51 Загрузка файла через php://input (check_upload_raw): Ok
Connection to gkexchange.ru:80	Success

Успешно
2016-Feb-25 17:00:51 Передача POST запроса с большим числом параметров (check_post): Ok
Connection to gkexchange.ru:80	Success

Успешно
2016-Feb-25 17:00:51 Отправка почты (check_mail): Ok
Успешно
